0 info it worked if it ends with ok
1 verbose cli [ 'C:\\nodejs\\node.exe',
1 verbose cli   'C:\\nodejs\\node_modules\\npm\\bin\\npm-cli.js',
1 verbose cli   'install',
1 verbose cli   '--scripts-prepend-node-path=auto' ]
2 info using npm@3.10.10
3 info using node@v6.11.0
4 silly loadCurrentTree Starting
5 silly install loadCurrentTree
6 silly install readLocalPackageData
7 silly install normalizeTree
8 silly loadCurrentTree Finishing
9 silly loadIdealTree Starting
10 silly install loadIdealTree
11 silly cloneCurrentTree Starting
12 silly install cloneCurrentTreeToIdealTree
13 silly cloneCurrentTree Finishing
14 silly loadShrinkwrap Starting
15 silly install loadShrinkwrap
16 silly loadShrinkwrap Finishing
17 silly loadAllDepsIntoIdealTree Starting
18 silly install loadAllDepsIntoIdealTree
19 silly fetchNamedPackageData alexa-sdk
20 silly mapToRegistry name alexa-sdk
21 silly mapToRegistry using default registry
22 silly mapToRegistry registry https://registry.npmjs.org/
23 silly mapToRegistry data Result {
23 silly mapToRegistry   raw: 'alexa-sdk',
23 silly mapToRegistry   scope: null,
23 silly mapToRegistry   escapedName: 'alexa-sdk',
23 silly mapToRegistry   name: 'alexa-sdk',
23 silly mapToRegistry   rawSpec: '',
23 silly mapToRegistry   spec: 'latest',
23 silly mapToRegistry   type: 'tag' }
24 silly mapToRegistry uri https://registry.npmjs.org/alexa-sdk
25 verbose request uri https://registry.npmjs.org/alexa-sdk
26 verbose request no auth needed
27 info attempt registry request try #1 at 7:10:57 PM
28 verbose request id 4ca0079781bc7096
29 http request GET https://registry.npmjs.org/alexa-sdk
30 http 200 https://registry.npmjs.org/alexa-sdk
31 verbose headers { server: 'nginx/1.10.1',
31 verbose headers   'content-type': 'application/json',
31 verbose headers   'last-modified': 'Thu, 02 Nov 2017 20:32:15 GMT',
31 verbose headers   etag: 'W/"59fb80cf-1203b"',
31 verbose headers   'content-encoding': 'gzip',
31 verbose headers   'cache-control': 'max-age=300',
31 verbose headers   'content-length': '16221',
31 verbose headers   'accept-ranges': 'bytes',
31 verbose headers   date: 'Mon, 06 Nov 2017 18:12:24 GMT',
31 verbose headers   via: '1.1 varnish',
31 verbose headers   age: '0',
31 verbose headers   connection: 'keep-alive',
31 verbose headers   'x-served-by': 'cache-cdg8735-CDG',
31 verbose headers   'x-cache': 'MISS',
31 verbose headers   'x-cache-hits': '0',
31 verbose headers   'x-timer': 'S1509991944.113296,VS0,VE37',
31 verbose headers   vary: 'Accept-Encoding, Accept' }
32 silly get cb [ 200,
32 silly get   { server: 'nginx/1.10.1',
32 silly get     'content-type': 'application/json',
32 silly get     'last-modified': 'Thu, 02 Nov 2017 20:32:15 GMT',
32 silly get     etag: 'W/"59fb80cf-1203b"',
32 silly get     'content-encoding': 'gzip',
32 silly get     'cache-control': 'max-age=300',
32 silly get     'content-length': '16221',
32 silly get     'accept-ranges': 'bytes',
32 silly get     date: 'Mon, 06 Nov 2017 18:12:24 GMT',
32 silly get     via: '1.1 varnish',
32 silly get     age: '0',
32 silly get     connection: 'keep-alive',
32 silly get     'x-served-by': 'cache-cdg8735-CDG',
32 silly get     'x-cache': 'MISS',
32 silly get     'x-cache-hits': '0',
32 silly get     'x-timer': 'S1509991944.113296,VS0,VE37',
32 silly get     vary: 'Accept-Encoding, Accept' } ]
33 verbose get saving alexa-sdk to C:\Users\static\AppData\Roaming\npm-cache\registry.npmjs.org\alexa-sdk\.cache.json
34 verbose correctMkdir C:\Users\static\AppData\Roaming\npm-cache correctMkdir not in flight; initializing
35 silly resolveWithNewModule alexa-sdk@1.0.18 checking installable status
36 silly cache add args [ 'alexa-sdk@^1.0.11', null ]
37 verbose cache add spec alexa-sdk@^1.0.11
38 silly cache add parsed spec Result {
38 silly cache add   raw: 'alexa-sdk@^1.0.11',
38 silly cache add   scope: null,
38 silly cache add   escapedName: 'alexa-sdk',
38 silly cache add   name: 'alexa-sdk',
38 silly cache add   rawSpec: '^1.0.11',
38 silly cache add   spec: '>=1.0.11 <2.0.0',
38 silly cache add   type: 'range' }
39 silly addNamed alexa-sdk@>=1.0.11 <2.0.0
40 verbose addNamed ">=1.0.11 <2.0.0" is a valid semver range for alexa-sdk
41 silly addNameRange { name: 'alexa-sdk', range: '>=1.0.11 <2.0.0', hasData: false }
42 silly mapToRegistry name alexa-sdk
43 silly mapToRegistry using default registry
44 silly mapToRegistry registry https://registry.npmjs.org/
45 silly mapToRegistry data Result {
45 silly mapToRegistry   raw: 'alexa-sdk',
45 silly mapToRegistry   scope: null,
45 silly mapToRegistry   escapedName: 'alexa-sdk',
45 silly mapToRegistry   name: 'alexa-sdk',
45 silly mapToRegistry   rawSpec: '',
45 silly mapToRegistry   spec: 'latest',
45 silly mapToRegistry   type: 'tag' }
46 silly mapToRegistry uri https://registry.npmjs.org/alexa-sdk
47 verbose addNameRange registry:https://registry.npmjs.org/alexa-sdk not in flight; fetching
48 verbose get https://registry.npmjs.org/alexa-sdk not expired, no request
49 silly addNameRange number 2 { name: 'alexa-sdk', range: '>=1.0.11 <2.0.0', hasData: true }
50 silly addNameRange versions [ 'alexa-sdk',
50 silly addNameRange   [ '1.0.0',
50 silly addNameRange     '1.0.1',
50 silly addNameRange     '1.0.3',
50 silly addNameRange     '1.0.2',
50 silly addNameRange     '1.0.5',
50 silly addNameRange     '1.0.6',
50 silly addNameRange     '1.0.7',
50 silly addNameRange     '1.0.8',
50 silly addNameRange     '1.0.9',
50 silly addNameRange     '1.0.10',
50 silly addNameRange     '1.0.11',
50 silly addNameRange     '1.0.12',
50 silly addNameRange     '1.0.13',
50 silly addNameRange     '1.0.14',
50 silly addNameRange     '1.0.15',
50 silly addNameRange     '1.0.16',
50 silly addNameRange     '1.0.17',
50 silly addNameRange     '1.0.18' ] ]
51 silly addNamed alexa-sdk@1.0.18
52 verbose addNamed "1.0.18" is a plain semver version for alexa-sdk
53 silly mapToRegistry name alexa-sdk
54 silly mapToRegistry using default registry
55 silly mapToRegistry registry https://registry.npmjs.org/
56 silly mapToRegistry data Result {
56 silly mapToRegistry   raw: 'alexa-sdk',
56 silly mapToRegistry   scope: null,
56 silly mapToRegistry   escapedName: 'alexa-sdk',
56 silly mapToRegistry   name: 'alexa-sdk',
56 silly mapToRegistry   rawSpec: '',
56 silly mapToRegistry   spec: 'latest',
56 silly mapToRegistry   type: 'tag' }
57 silly mapToRegistry uri https://registry.npmjs.org/alexa-sdk
58 verbose addRemoteTarball https://registry.npmjs.org/alexa-sdk/-/alexa-sdk-1.0.18.tgz not in flight; adding
59 verbose addRemoteTarball [ 'https://registry.npmjs.org/alexa-sdk/-/alexa-sdk-1.0.18.tgz',
59 verbose addRemoteTarball   'a2357d5ac7190f26c0eb30638befc6f76c3a96d3' ]
60 info retry fetch attempt 1 at 7:10:57 PM
61 info attempt registry request try #1 at 7:10:57 PM
62 http fetch GET https://registry.npmjs.org/alexa-sdk/-/alexa-sdk-1.0.18.tgz
63 http fetch 200 https://registry.npmjs.org/alexa-sdk/-/alexa-sdk-1.0.18.tgz
64 silly fetchAndShaCheck shasum a2357d5ac7190f26c0eb30638befc6f76c3a96d3
65 verbose addTmpTarball C:\Users\static\AppData\Local\Temp\npm-6472-a4482311\registry.npmjs.org\alexa-sdk\-\alexa-sdk-1.0.18.tgz not in flight; adding
66 verbose addTmpTarball already have metadata; skipping unpack for alexa-sdk@1.0.18
67 verbose correctMkdir C:\Users\static\AppData\Roaming\npm-cache correctMkdir not in flight; initializing
68 silly cache afterAdd alexa-sdk@1.0.18
69 verbose afterAdd C:\Users\static\AppData\Roaming\npm-cache\alexa-sdk\1.0.18\package\package.json not in flight; writing
70 verbose correctMkdir C:\Users\static\AppData\Roaming\npm-cache correctMkdir not in flight; initializing
71 verbose afterAdd C:\Users\static\AppData\Roaming\npm-cache\alexa-sdk\1.0.18\package\package.json written
72 silly fetchNamedPackageData aws-sdk
73 silly mapToRegistry name aws-sdk
74 silly mapToRegistry using default registry
75 silly mapToRegistry registry https://registry.npmjs.org/
76 silly mapToRegistry data Result {
76 silly mapToRegistry   raw: 'aws-sdk',
76 silly mapToRegistry   scope: null,
76 silly mapToRegistry   escapedName: 'aws-sdk',
76 silly mapToRegistry   name: 'aws-sdk',
76 silly mapToRegistry   rawSpec: '',
76 silly mapToRegistry   spec: 'latest',
76 silly mapToRegistry   type: 'tag' }
77 silly mapToRegistry uri https://registry.npmjs.org/aws-sdk
78 silly fetchNamedPackageData i18next
79 silly mapToRegistry name i18next
80 silly mapToRegistry using default registry
81 silly mapToRegistry registry https://registry.npmjs.org/
82 silly mapToRegistry data Result {
82 silly mapToRegistry   raw: 'i18next',
82 silly mapToRegistry   scope: null,
82 silly mapToRegistry   escapedName: 'i18next',
82 silly mapToRegistry   name: 'i18next',
82 silly mapToRegistry   rawSpec: '',
82 silly mapToRegistry   spec: 'latest',
82 silly mapToRegistry   type: 'tag' }
83 silly mapToRegistry uri https://registry.npmjs.org/i18next
84 silly fetchNamedPackageData i18next-sprintf-postprocessor
85 silly mapToRegistry name i18next-sprintf-postprocessor
86 silly mapToRegistry using default registry
87 silly mapToRegistry registry https://registry.npmjs.org/
88 silly mapToRegistry data Result {
88 silly mapToRegistry   raw: 'i18next-sprintf-postprocessor',
88 silly mapToRegistry   scope: null,
88 silly mapToRegistry   escapedName: 'i18next-sprintf-postprocessor',
88 silly mapToRegistry   name: 'i18next-sprintf-postprocessor',
88 silly mapToRegistry   rawSpec: '',
88 silly mapToRegistry   spec: 'latest',
88 silly mapToRegistry   type: 'tag' }
89 silly mapToRegistry uri https://registry.npmjs.org/i18next-sprintf-postprocessor
90 verbose request uri https://registry.npmjs.org/aws-sdk
91 verbose request no auth needed
92 info attempt registry request try #1 at 7:10:58 PM
93 http request GET https://registry.npmjs.org/aws-sdk
94 verbose request uri https://registry.npmjs.org/i18next
95 verbose request no auth needed
96 info attempt registry request try #1 at 7:10:58 PM
97 http request GET https://registry.npmjs.org/i18next
98 verbose request uri https://registry.npmjs.org/i18next-sprintf-postprocessor
99 verbose request no auth needed
100 info attempt registry request try #1 at 7:10:58 PM
101 http request GET https://registry.npmjs.org/i18next-sprintf-postprocessor
102 http 200 https://registry.npmjs.org/aws-sdk
103 verbose headers { server: 'nginx/1.10.1',
103 verbose headers   'content-type': 'application/json',
103 verbose headers   'last-modified': 'Mon, 06 Nov 2017 07:12:54 GMT',
103 verbose headers   etag: 'W/"5a000b76-131a05"',
103 verbose headers   'content-encoding': 'gzip',
103 verbose headers   'cache-control': 'max-age=300',
103 verbose headers   'content-length': '54515',
103 verbose headers   'accept-ranges': 'bytes',
103 verbose headers   date: 'Mon, 06 Nov 2017 18:12:24 GMT',
103 verbose headers   via: '1.1 varnish',
103 verbose headers   age: '0',
103 verbose headers   connection: 'keep-alive',
103 verbose headers   'x-served-by': 'cache-cdg8735-CDG',
103 verbose headers   'x-cache': 'HIT',
103 verbose headers   'x-cache-hits': '1',
103 verbose headers   'x-timer': 'S1509991944.454356,VS0,VE94',
103 verbose headers   vary: 'Accept-Encoding, Accept' }
104 silly get cb [ 200,
104 silly get   { server: 'nginx/1.10.1',
104 silly get     'content-type': 'application/json',
104 silly get     'last-modified': 'Mon, 06 Nov 2017 07:12:54 GMT',
104 silly get     etag: 'W/"5a000b76-131a05"',
104 silly get     'content-encoding': 'gzip',
104 silly get     'cache-control': 'max-age=300',
104 silly get     'content-length': '54515',
104 silly get     'accept-ranges': 'bytes',
104 silly get     date: 'Mon, 06 Nov 2017 18:12:24 GMT',
104 silly get     via: '1.1 varnish',
104 silly get     age: '0',
104 silly get     connection: 'keep-alive',
104 silly get     'x-served-by': 'cache-cdg8735-CDG',
104 silly get     'x-cache': 'HIT',
104 silly get     'x-cache-hits': '1',
104 silly get     'x-timer': 'S1509991944.454356,VS0,VE94',
104 silly get     vary: 'Accept-Encoding, Accept' } ]
105 verbose get saving aws-sdk to C:\Users\static\AppData\Roaming\npm-cache\registry.npmjs.org\aws-sdk\.cache.json
106 verbose correctMkdir C:\Users\static\AppData\Roaming\npm-cache correctMkdir not in flight; initializing
107 http 200 https://registry.npmjs.org/i18next
108 verbose headers { server: 'nginx/1.10.1',
108 verbose headers   'content-type': 'application/json',
108 verbose headers   'last-modified': 'Sat, 04 Nov 2017 23:47:17 GMT',
108 verbose headers   etag: 'W/"59fe5185-65a27"',
108 verbose headers   'content-encoding': 'gzip',
108 verbose headers   'cache-control': 'max-age=300',
108 verbose headers   'content-length': '23701',
108 verbose headers   'accept-ranges': 'bytes',
108 verbose headers   date: 'Mon, 06 Nov 2017 18:12:24 GMT',
108 verbose headers   via: '1.1 varnish',
108 verbose headers   age: '0',
108 verbose headers   connection: 'keep-alive',
108 verbose headers   'x-served-by': 'cache-cdg8720-CDG',
108 verbose headers   'x-cache': 'HIT',
108 verbose headers   'x-cache-hits': '1',
108 verbose headers   'x-timer': 'S1509991945.552342,VS0,VE18',
108 verbose headers   vary: 'Accept-Encoding, Accept' }
109 silly get cb [ 200,
109 silly get   { server: 'nginx/1.10.1',
109 silly get     'content-type': 'application/json',
109 silly get     'last-modified': 'Sat, 04 Nov 2017 23:47:17 GMT',
109 silly get     etag: 'W/"59fe5185-65a27"',
109 silly get     'content-encoding': 'gzip',
109 silly get     'cache-control': 'max-age=300',
109 silly get     'content-length': '23701',
109 silly get     'accept-ranges': 'bytes',
109 silly get     date: 'Mon, 06 Nov 2017 18:12:24 GMT',
109 silly get     via: '1.1 varnish',
109 silly get     age: '0',
109 silly get     connection: 'keep-alive',
109 silly get     'x-served-by': 'cache-cdg8720-CDG',
109 silly get     'x-cache': 'HIT',
109 silly get     'x-cache-hits': '1',
109 silly get     'x-timer': 'S1509991945.552342,VS0,VE18',
109 silly get     vary: 'Accept-Encoding, Accept' } ]
110 verbose get saving i18next to C:\Users\static\AppData\Roaming\npm-cache\registry.npmjs.org\i18next\.cache.json
111 verbose correctMkdir C:\Users\static\AppData\Roaming\npm-cache correctMkdir not in flight; initializing
112 silly resolveWithNewModule aws-sdk@2.145.0 checking installable status
113 silly cache add args [ 'aws-sdk@^2.4.7', null ]
114 verbose cache add spec aws-sdk@^2.4.7
115 silly cache add parsed spec Result {
115 silly cache add   raw: 'aws-sdk@^2.4.7',
115 silly cache add   scope: null,
115 silly cache add   escapedName: 'aws-sdk',
115 silly cache add   name: 'aws-sdk',
115 silly cache add   rawSpec: '^2.4.7',
115 silly cache add   spec: '>=2.4.7 <3.0.0',
115 silly cache add   type: 'range' }
116 silly addNamed aws-sdk@>=2.4.7 <3.0.0
117 verbose addNamed ">=2.4.7 <3.0.0" is a valid semver range for aws-sdk
118 silly addNameRange { name: 'aws-sdk', range: '>=2.4.7 <3.0.0', hasData: false }
119 silly mapToRegistry name aws-sdk
120 silly mapToRegistry using default registry
121 silly mapToRegistry registry https://registry.npmjs.org/
122 silly mapToRegistry data Result {
122 silly mapToRegistry   raw: 'aws-sdk',
122 silly mapToRegistry   scope: null,
122 silly mapToRegistry   escapedName: 'aws-sdk',
122 silly mapToRegistry   name: 'aws-sdk',
122 silly mapToRegistry   rawSpec: '',
122 silly mapToRegistry   spec: 'latest',
122 silly mapToRegistry   type: 'tag' }
123 silly mapToRegistry uri https://registry.npmjs.org/aws-sdk
124 verbose addNameRange registry:https://registry.npmjs.org/aws-sdk not in flight; fetching
125 http 200 https://registry.npmjs.org/i18next-sprintf-postprocessor
126 verbose headers { server: 'nginx/1.10.1',
126 verbose headers   'content-type': 'application/json',
126 verbose headers   'last-modified': 'Thu, 26 May 2016 14:43:43 GMT',
126 verbose headers   etag: 'W/"57470b9f-5aa2"',
126 verbose headers   'content-encoding': 'gzip',
126 verbose headers   'cache-control': 'max-age=300',
126 verbose headers   'content-length': '3153',
126 verbose headers   'accept-ranges': 'bytes',
126 verbose headers   date: 'Mon, 06 Nov 2017 18:12:24 GMT',
126 verbose headers   via: '1.1 varnish',
126 verbose headers   age: '0',
126 verbose headers   connection: 'keep-alive',
126 verbose headers   'x-served-by': 'cache-cdg8724-CDG',
126 verbose headers   'x-cache': 'MISS',
126 verbose headers   'x-cache-hits': '0',
126 verbose headers   'x-timer': 'S1509991945.566642,VS0,VE84',
126 verbose headers   vary: 'Accept-Encoding, Accept' }
127 silly get cb [ 200,
127 silly get   { server: 'nginx/1.10.1',
127 silly get     'content-type': 'application/json',
127 silly get     'last-modified': 'Thu, 26 May 2016 14:43:43 GMT',
127 silly get     etag: 'W/"57470b9f-5aa2"',
127 silly get     'content-encoding': 'gzip',
127 silly get     'cache-control': 'max-age=300',
127 silly get     'content-length': '3153',
127 silly get     'accept-ranges': 'bytes',
127 silly get     date: 'Mon, 06 Nov 2017 18:12:24 GMT',
127 silly get     via: '1.1 varnish',
127 silly get     age: '0',
127 silly get     connection: 'keep-alive',
127 silly get     'x-served-by': 'cache-cdg8724-CDG',
127 silly get     'x-cache': 'MISS',
127 silly get     'x-cache-hits': '0',
127 silly get     'x-timer': 'S1509991945.566642,VS0,VE84',
127 silly get     vary: 'Accept-Encoding, Accept' } ]
128 verbose get saving i18next-sprintf-postprocessor to C:\Users\static\AppData\Roaming\npm-cache\registry.npmjs.org\i18next-sprintf-postprocessor\.cache.json
129 verbose correctMkdir C:\Users\static\AppData\Roaming\npm-cache correctMkdir not in flight; initializing
130 verbose get https://registry.npmjs.org/aws-sdk not expired, no request
131 silly addNameRange number 2 { name: 'aws-sdk', range: '>=2.4.7 <3.0.0', hasData: true }
132 silly addNameRange versions [ 'aws-sdk',
132 silly addNameRange   [ '0.9.0-pre.1',
132 silly addNameRange     '0.9.1-pre.2',
132 silly addNameRange     '0.9.2-pre.3',
132 silly addNameRange     '0.9.3-pre.4',
132 silly addNameRange     '0.9.4-pre.5',
132 silly addNameRange     '0.9.5-pre.6',
132 silly addNameRange     '0.9.6-pre.7',
132 silly addNameRange     '0.9.7-pre.8',
132 silly addNameRange     '0.9.8-pre.9',
132 silly addNameRange     '0.9.9-pre.10',
132 silly addNameRange     '1.0.0',
132 silly addNameRange     '1.1.0',
132 silly addNameRange     '1.2.0',
132 silly addNameRange     '1.3.0',
132 silly addNameRange     '1.3.1',
132 silly addNameRange     '1.3.2',
132 silly addNameRange     '1.4.0',
132 silly addNameRange     '1.4.1',
132 silly addNameRange     '1.5.0',
132 silly addNameRange     '1.5.1',
132 silly addNameRange     '1.5.2',
132 silly addNameRange     '1.6.0',
132 silly addNameRange     '1.7.0',
132 silly addNameRange     '1.7.1',
132 silly addNameRange     '1.8.0',
132 silly addNameRange     '1.8.1',
132 silly addNameRange     '1.9.0',
132 silly addNameRange     '1.10.0',
132 silly addNameRange     '2.0.0-rc1',
132 silly addNameRange     '1.12.0',
132 silly addNameRange     '1.13.0',
132 silly addNameRange     '1.14.0',
132 silly addNameRange     '2.0.0-rc2',
132 silly addNameRange     '1.15.0',
132 silly addNameRange     '2.0.0-rc3',
132 silly addNameRange     '1.16.0',
132 silly addNameRange     '2.0.0-rc4',
132 silly addNameRange     '1.17.0',
132 silly addNameRange     '2.0.0-rc5',
132 silly addNameRange     '1.17.1',
132 silly addNameRange     '2.0.0-rc6',
132 silly addNameRange     '1.17.2',
132 silly addNameRange     '2.0.0-rc7',
132 silly addNameRange     '1.17.3',
132 silly addNameRange     '2.0.0-rc8',
132 silly addNameRange     '1.18.0',
132 silly addNameRange     '2.0.0-rc9',
132 silly addNameRange     '2.0.0-rc10',
132 silly addNameRange     '2.0.0-rc11',
132 silly addNameRange     '2.0.0-rc12',
132 silly addNameRange     '2.0.0-rc13',
132 silly addNameRange     '2.0.0-rc.14',
132 silly addNameRange     '2.0.0-rc.15',
132 silly addNameRange     '2.0.0-rc.16',
132 silly addNameRange     '2.0.0-rc.17',
132 silly addNameRange     '2.0.0-rc.18',
132 silly addNameRange     '2.0.0-rc.19',
132 silly addNameRange     '2.0.0-rc.20',
132 silly addNameRange     '2.0.1',
132 silly addNameRange     '2.0.2',
132 silly addNameRange     '2.0.3',
132 silly addNameRange     '2.0.4',
132 silly addNameRange     '2.0.5',
132 silly addNameRange     '2.0.6',
132 silly addNameRange     '2.0.7',
132 silly addNameRange     '2.0.8',
132 silly addNameRange     '2.0.9',
132 silly addNameRange     '2.0.10',
132 silly addNameRange     '2.0.11',
132 silly addNameRange     '2.0.12',
132 silly addNameRange     '2.0.13',
132 silly addNameRange     '2.0.14',
132 silly addNameRange     '2.0.15',
132 silly addNameRange     '2.0.16',
132 silly addNameRange     '2.0.17',
132 silly addNameRange     '2.0.18',
132 silly addNameRange     '2.0.19',
132 silly addNameRange     '2.0.21',
132 silly addNameRange     '2.0.22',
132 silly addNameRange     '2.0.23',
132 silly addNameRange     '2.0.24',
132 silly addNameRange     '2.0.25',
132 silly addNameRange     '2.0.26',
132 silly addNameRange     '2.0.27',
132 silly addNameRange     '2.0.28',
132 silly addNameRange     '2.0.29',
132 silly addNameRange     '2.0.30',
132 silly addNameRange     '2.0.31',
132 silly addNameRange     '2.1.0',
132 silly addNameRange     '2.1.1',
132 silly addNameRange     '2.1.2',
132 silly addNameRange     '2.1.3',
132 silly addNameRange     '2.1.4',
132 silly addNameRange     '2.1.5',
132 silly addNameRange     '2.1.6',
132 silly addNameRange     '2.1.7',
132 silly addNameRange     '2.1.8',
132 silly addNameRange     '2.1.9',
132 silly addNameRange     '2.1.10',
132 silly addNameRange     '2.1.11',
132 silly addNameRange     ... 313 more items ] ]
133 silly addNamed aws-sdk@2.145.0
134 verbose addNamed "2.145.0" is a plain semver version for aws-sdk
135 silly mapToRegistry name aws-sdk
136 silly mapToRegistry using default registry
137 silly mapToRegistry registry https://registry.npmjs.org/
138 silly mapToRegistry data Result {
138 silly mapToRegistry   raw: 'aws-sdk',
138 silly mapToRegistry   scope: null,
138 silly mapToRegistry   escapedName: 'aws-sdk',
138 silly mapToRegistry   name: 'aws-sdk',
138 silly mapToRegistry   rawSpec: '',
138 silly mapToRegistry   spec: 'latest',
138 silly mapToRegistry   type: 'tag' }
139 silly mapToRegistry uri https://registry.npmjs.org/aws-sdk
140 verbose addRemoteTarball https://registry.npmjs.org/aws-sdk/-/aws-sdk-2.145.0.tgz not in flight; adding
141 verbose addRemoteTarball [ 'https://registry.npmjs.org/aws-sdk/-/aws-sdk-2.145.0.tgz',
141 verbose addRemoteTarball   '085bb4553231defd93b96b0d95023717c9c3c093' ]
142 info retry fetch attempt 1 at 7:10:58 PM
143 info attempt registry request try #1 at 7:10:58 PM
144 http fetch GET https://registry.npmjs.org/aws-sdk/-/aws-sdk-2.145.0.tgz
145 silly resolveWithNewModule i18next@3.5.2 checking installable status
146 silly cache add args [ 'i18next@^3.4.1', null ]
147 verbose cache add spec i18next@^3.4.1
148 silly cache add parsed spec Result {
148 silly cache add   raw: 'i18next@^3.4.1',
148 silly cache add   scope: null,
148 silly cache add   escapedName: 'i18next',
148 silly cache add   name: 'i18next',
148 silly cache add   rawSpec: '^3.4.1',
148 silly cache add   spec: '>=3.4.1 <4.0.0',
148 silly cache add   type: 'range' }
149 silly addNamed i18next@>=3.4.1 <4.0.0
150 verbose addNamed ">=3.4.1 <4.0.0" is a valid semver range for i18next
151 silly addNameRange { name: 'i18next', range: '>=3.4.1 <4.0.0', hasData: false }
152 silly mapToRegistry name i18next
153 silly mapToRegistry using default registry
154 silly mapToRegistry registry https://registry.npmjs.org/
155 silly mapToRegistry data Result {
155 silly mapToRegistry   raw: 'i18next',
155 silly mapToRegistry   scope: null,
155 silly mapToRegistry   escapedName: 'i18next',
155 silly mapToRegistry   name: 'i18next',
155 silly mapToRegistry   rawSpec: '',
155 silly mapToRegistry   spec: 'latest',
155 silly mapToRegistry   type: 'tag' }
156 silly mapToRegistry uri https://registry.npmjs.org/i18next
157 verbose addNameRange registry:https://registry.npmjs.org/i18next not in flight; fetching
158 verbose get https://registry.npmjs.org/i18next not expired, no request
159 silly addNameRange number 2 { name: 'i18next', range: '>=3.4.1 <4.0.0', hasData: true }
160 silly addNameRange versions [ 'i18next',
160 silly addNameRange   [ '0.0.1',
160 silly addNameRange     '0.5.0',
160 silly addNameRange     '0.5.1',
160 silly addNameRange     '0.5.2',
160 silly addNameRange     '1.2.0',
160 silly addNameRange     '1.2.1',
160 silly addNameRange     '1.2.2',
160 silly addNameRange     '1.2.3',
160 silly addNameRange     '1.2.4',
160 silly addNameRange     '1.2.5',
160 silly addNameRange     '1.3.1',
160 silly addNameRange     '1.3.2',
160 silly addNameRange     '1.3.3',
160 silly addNameRange     '1.3.4',
160 silly addNameRange     '1.4.0',
160 silly addNameRange     '1.4.1',
160 silly addNameRange     '1.5.0',
160 silly addNameRange     '1.5.5',
160 silly addNameRange     '1.5.6',
160 silly addNameRange     '1.5.7',
160 silly addNameRange     '1.5.8',
160 silly addNameRange     '1.5.9',
160 silly addNameRange     '1.5.10',
160 silly addNameRange     '1.5.11',
160 silly addNameRange     '1.5.12',
160 silly addNameRange     '1.5.13',
160 silly addNameRange     '1.5.14',
160 silly addNameRange     '1.5.15',
160 silly addNameRange     '1.5.16',
160 silly addNameRange     '1.6.0',
160 silly addNameRange     '1.6.1',
160 silly addNameRange     '1.6.2',
160 silly addNameRange     '1.6.3',
160 silly addNameRange     '1.6.4',
160 silly addNameRange     '1.6.5',
160 silly addNameRange     '1.6.6',
160 silly addNameRange     '1.6.7',
160 silly addNameRange     '1.6.8',
160 silly addNameRange     '1.7.0',
160 silly addNameRange     '1.7.1',
160 silly addNameRange     '1.7.3',
160 silly addNameRange     '1.7.4',
160 silly addNameRange     '1.7.6',
160 silly addNameRange     '1.7.8',
160 silly addNameRange     '1.7.9',
160 silly addNameRange     '1.7.10',
160 silly addNameRange     '1.9.0',
160 silly addNameRange     '1.10.0',
160 silly addNameRange     '1.10.1',
160 silly addNameRange     '1.10.2',
160 silly addNameRange     '1.10.3',
160 silly addNameRange     '1.10.4',
160 silly addNameRange     '1.10.5',
160 silly addNameRange     '2.0.0-alpha.0',
160 silly addNameRange     '2.0.0-alpha.1',
160 silly addNameRange     '2.0.0-alpha.3',
160 silly addNameRange     '2.0.0-alpha.4',
160 silly addNameRange     '2.0.0-alpha.5',
160 silly addNameRange     '2.0.0-alpha.6',
160 silly addNameRange     '2.0.0-alpha.11',
160 silly addNameRange     '2.0.0-alpha.12',
160 silly addNameRange     '2.0.0-alpha.13',
160 silly addNameRange     '2.0.0-alpha.14',
160 silly addNameRange     '2.0.0-alpha.15',
160 silly addNameRange     '2.0.0-alpha.16',
160 silly addNameRange     '2.0.0-alpha.17',
160 silly addNameRange     '2.0.0-alpha.18',
160 silly addNameRange     '2.0.0-alpha.19',
160 silly addNameRange     '2.0.0-alpha.22',
160 silly addNameRange     '2.0.0-alpha.23',
160 silly addNameRange     '1.10.6',
160 silly addNameRange     '2.0.0-alpha.24',
160 silly addNameRange     '2.0.0-alpha.25',
160 silly addNameRange     '2.0.0-alpha.26',
160 silly addNameRange     '2.0.0-alpha.27',
160 silly addNameRange     '2.0.0-alpha.28',
160 silly addNameRange     '2.0.0-alpha.29',
160 silly addNameRange     '2.0.0-beta.0',
160 silly addNameRange     '2.0.0-beta.1',
160 silly addNameRange     '2.0.0',
160 silly addNameRange     '2.0.1',
160 silly addNameRange     '2.0.3',
160 silly addNameRange     '2.0.4',
160 silly addNameRange     '2.0.5',
160 silly addNameRange     '2.0.6',
160 silly addNameRange     '2.0.8',
160 silly addNameRange     '2.0.9',
160 silly addNameRange     '2.0.10',
160 silly addNameRange     '2.0.11',
160 silly addNameRange     '2.0.12',
160 silly addNameRange     '2.0.13',
160 silly addNameRange     '2.0.14',
160 silly addNameRange     '2.0.15',
160 silly addNameRange     '2.0.16',
160 silly addNameRange     '2.0.17',
160 silly addNameRange     '2.0.18',
160 silly addNameRange     '2.0.19',
160 silly addNameRange     '2.0.20',
160 silly addNameRange     '2.0.21',
160 silly addNameRange     '2.0.22',
160 silly addNameRange     ... 74 more items ] ]
161 silly addNamed i18next@3.5.2
162 verbose addNamed "3.5.2" is a plain semver version for i18next
163 silly mapToRegistry name i18next
164 silly mapToRegistry using default registry
165 silly mapToRegistry registry https://registry.npmjs.org/
166 silly mapToRegistry data Result {
166 silly mapToRegistry   raw: 'i18next',
166 silly mapToRegistry   scope: null,
166 silly mapToRegistry   escapedName: 'i18next',
166 silly mapToRegistry   name: 'i18next',
166 silly mapToRegistry   rawSpec: '',
166 silly mapToRegistry   spec: 'latest',
166 silly mapToRegistry   type: 'tag' }
167 silly mapToRegistry uri https://registry.npmjs.org/i18next
168 verbose addRemoteTarball https://registry.npmjs.org/i18next/-/i18next-3.5.2.tgz not in flight; adding
169 verbose addRemoteTarball [ 'https://registry.npmjs.org/i18next/-/i18next-3.5.2.tgz',
169 verbose addRemoteTarball   '930390d5c318ceaa4858b52dd0e40e6b203f9f41' ]
170 silly resolveWithNewModule i18next-sprintf-postprocessor@0.2.2 checking installable status
171 silly cache add args [ 'i18next-sprintf-postprocessor@^0.2.2', null ]
172 verbose cache add spec i18next-sprintf-postprocessor@^0.2.2
173 silly cache add parsed spec Result {
173 silly cache add   raw: 'i18next-sprintf-postprocessor@^0.2.2',
173 silly cache add   scope: null,
173 silly cache add   escapedName: 'i18next-sprintf-postprocessor',
173 silly cache add   name: 'i18next-sprintf-postprocessor',
173 silly cache add   rawSpec: '^0.2.2',
173 silly cache add   spec: '>=0.2.2 <0.3.0',
173 silly cache add   type: 'range' }
174 silly addNamed i18next-sprintf-postprocessor@>=0.2.2 <0.3.0
175 verbose addNamed ">=0.2.2 <0.3.0" is a valid semver range for i18next-sprintf-postprocessor
176 silly addNameRange { name: 'i18next-sprintf-postprocessor',
176 silly addNameRange   range: '>=0.2.2 <0.3.0',
176 silly addNameRange   hasData: false }
177 silly mapToRegistry name i18next-sprintf-postprocessor
178 silly mapToRegistry using default registry
179 silly mapToRegistry registry https://registry.npmjs.org/
180 silly mapToRegistry data Result {
180 silly mapToRegistry   raw: 'i18next-sprintf-postprocessor',
180 silly mapToRegistry   scope: null,
180 silly mapToRegistry   escapedName: 'i18next-sprintf-postprocessor',
180 silly mapToRegistry   name: 'i18next-sprintf-postprocessor',
180 silly mapToRegistry   rawSpec: '',
180 silly mapToRegistry   spec: 'latest',
180 silly mapToRegistry   type: 'tag' }
181 silly mapToRegistry uri https://registry.npmjs.org/i18next-sprintf-postprocessor
182 verbose addNameRange registry:https://registry.npmjs.org/i18next-sprintf-postprocessor not in flight; fetching
183 verbose get https://registry.npmjs.org/i18next-sprintf-postprocessor not expired, no request
184 silly addNameRange number 2 { name: 'i18next-sprintf-postprocessor',
184 silly addNameRange   range: '>=0.2.2 <0.3.0',
184 silly addNameRange   hasData: true }
185 silly addNameRange versions [ 'i18next-sprintf-postprocessor',
185 silly addNameRange   [ '0.0.1',
185 silly addNameRange     '0.0.2',
185 silly addNameRange     '0.0.3',
185 silly addNameRange     '0.0.5',
185 silly addNameRange     '0.0.6',
185 silly addNameRange     '0.1.0',
185 silly addNameRange     '0.2.0',
185 silly addNameRange     '0.2.1',
185 silly addNameRange     '0.2.2' ] ]
186 silly addNamed i18next-sprintf-postprocessor@0.2.2
187 verbose addNamed "0.2.2" is a plain semver version for i18next-sprintf-postprocessor
188 info retry fetch attempt 1 at 7:10:58 PM
189 info attempt registry request try #1 at 7:10:58 PM
190 http fetch GET https://registry.npmjs.org/i18next/-/i18next-3.5.2.tgz
191 silly mapToRegistry name i18next-sprintf-postprocessor
192 silly mapToRegistry using default registry
193 silly mapToRegistry registry https://registry.npmjs.org/
194 silly mapToRegistry data Result {
194 silly mapToRegistry   raw: 'i18next-sprintf-postprocessor',
194 silly mapToRegistry   scope: null,
194 silly mapToRegistry   escapedName: 'i18next-sprintf-postprocessor',
194 silly mapToRegistry   name: 'i18next-sprintf-postprocessor',
194 silly mapToRegistry   rawSpec: '',
194 silly mapToRegistry   spec: 'latest',
194 silly mapToRegistry   type: 'tag' }
195 silly mapToRegistry uri https://registry.npmjs.org/i18next-sprintf-postprocessor
196 verbose addRemoteTarball https://registry.npmjs.org/i18next-sprintf-postprocessor/-/i18next-sprintf-postprocessor-0.2.2.tgz not in flight; adding
197 verbose addRemoteTarball [ 'https://registry.npmjs.org/i18next-sprintf-postprocessor/-/i18next-sprintf-postprocessor-0.2.2.tgz',
197 verbose addRemoteTarball   '2e409f1043579382698b6a2da70cdaa551d67ea4' ]
198 info retry fetch attempt 1 at 7:10:58 PM
199 info attempt registry request try #1 at 7:10:58 PM
200 http fetch GET https://registry.npmjs.org/i18next-sprintf-postprocessor/-/i18next-sprintf-postprocessor-0.2.2.tgz
201 http fetch 200 https://registry.npmjs.org/aws-sdk/-/aws-sdk-2.145.0.tgz
202 http fetch 200 https://registry.npmjs.org/i18next/-/i18next-3.5.2.tgz
203 http fetch 200 https://registry.npmjs.org/i18next-sprintf-postprocessor/-/i18next-sprintf-postprocessor-0.2.2.tgz
204 silly fetchAndShaCheck shasum 2e409f1043579382698b6a2da70cdaa551d67ea4
205 verbose addTmpTarball C:\Users\static\AppData\Local\Temp\npm-6472-a4482311\registry.npmjs.org\i18next-sprintf-postprocessor\-\i18next-sprintf-postprocessor-0.2.2.tgz not in flight; adding
206 verbose addTmpTarball already have metadata; skipping unpack for i18next-sprintf-postprocessor@0.2.2
207 verbose correctMkdir C:\Users\static\AppData\Roaming\npm-cache correctMkdir not in flight; initializing
208 silly cache afterAdd i18next-sprintf-postprocessor@0.2.2
209 verbose afterAdd C:\Users\static\AppData\Roaming\npm-cache\i18next-sprintf-postprocessor\0.2.2\package\package.json not in flight; writing
210 verbose correctMkdir C:\Users\static\AppData\Roaming\npm-cache correctMkdir not in flight; initializing
211 verbose afterAdd C:\Users\static\AppData\Roaming\npm-cache\i18next-sprintf-postprocessor\0.2.2\package\package.json written
212 warn retry will retry, error on last attempt: Error: EBUSY: resource busy or locked, rename 'C:\Users\static\AppData\Local\Temp\npm-6472-a4482311\registry.npmjs.org\i18next\-\i18next-3.5.2.tgz.2046011850' -> 'C:\Users\static\AppData\Local\Temp\npm-6472-a4482311\registry.npmjs.org\i18next\-\i18next-3.5.2.tgz'
213 verbose stack TypeError: tarball.destroy is not a function
213 verbose stack     at WriteStreamAtomic.<anonymous> (C:\nodejs\node_modules\npm\lib\cache\add-remote-tarball.js:97:15)
213 verbose stack     at emitOne (events.js:101:20)
213 verbose stack     at WriteStreamAtomic.emit (events.js:188:7)
213 verbose stack     at WriteStreamAtomic.emit (C:\nodejs\node_modules\npm\node_modules\fs-write-stream-atomic\index.js:60:34)
213 verbose stack     at C:\nodejs\node_modules\npm\node_modules\fs-write-stream-atomic\index.js:89:19
213 verbose stack     at FSReqWrap.oncomplete (fs.js:123:15)
214 verbose cwd C:\projects\pegase\AlexaRestau\lambda
215 error Windows_NT 10.0.15063
216 error argv "C:\\nodejs\\node.exe" "C:\\nodejs\\node_modules\\npm\\bin\\npm-cli.js" "install" "--scripts-prepend-node-path=auto"
217 error node v6.11.0
218 error npm  v3.10.10
219 error tarball.destroy is not a function
220 error If you need help, you may report this error at:
220 error     <https://github.com/npm/npm/issues>
221 verbose exit [ 1, true ]
